<?xml version="1.0" encoding="UTF-8"?>
<testng-results skipped="2" failed="2" total="4" passed="0">
  <reporter-output>
  </reporter-output>
  <suite name="Default suite" duration-ms="36060" started-at="2020-04-10T13:00:06Z" finished-at="2020-04-10T13:00:42Z">
    <groups>
    </groups>
    <test name="Default test" duration-ms="36060" started-at="2020-04-10T13:00:06Z" finished-at="2020-04-10T13:00:42Z">
      <class name="com.surveillance.Test.CameraLiveUnitTest">
        <test-method status="PASS" signature="setUp()[pri:0, instance:com.surveillance.Test.CameraLiveUnitTest@5034c75a]" name="setUp" is-config="true" duration-ms="273" started-at="2020-04-10T18:30:06Z" finished-at="2020-04-10T18:30:06Z">
          <reporter-output>
          </reporter-output>
        </test-method> <!-- setUp -->
        <test-method status="PASS" signature="startReport()[pri:0, instance:com.surveillance.Test.CameraLiveUnitTest@5034c75a]" name="startReport" is-config="true" duration-ms="9" started-at="2020-04-10T18:30:06Z" finished-at="2020-04-10T18:30:06Z">
          <reporter-output>
          </reporter-output>
        </test-method> <!-- startReport -->
        <test-method status="PASS" signature="setup()[pri:0, instance:com.surveillance.Test.CameraLiveUnitTest@5034c75a]" name="setup" is-config="true" duration-ms="17021" started-at="2020-04-10T18:30:07Z" finished-at="2020-04-10T18:30:24Z">
          <reporter-output>
          </reporter-output>
        </test-method> <!-- setup -->
        <test-method status="FAIL" signature="verifyPopUpCancelButton(java.util.Hashtable)[pri:0, instance:com.surveillance.Test.CameraLiveUnitTest@5034c75a]" name="verifyPopUpCancelButton" duration-ms="13" started-at="2020-04-10T18:30:24Z" data-provider="setData1" finished-at="2020-04-10T18:30:24Z">
          <params>
            <param index="0">
              <value>
                <![CDATA[{ActivePopUps=accept, TestID=TC_01, Password=Kb100684@, SerialNumber=123456, ActiveDeactive=Active, Email=kalyan.babu@contractor.liveviewtech.com}]]>
              </value>
            </param>
          </params>
          <exception class="java.lang.NullPointerException">
            <full-stacktrace>
              <![CDATA[java.lang.NullPointerException
	at com.surveillance.Test.LoginTest.logintest(LoginTest.java:34)
	at com.surveillance.Test.CameraLiveUnitTest.verifyPopUpCancelButton(CameraLiveUnitTest.java:63)
	at sun.reflect.NativeMethodAccessorImpl.invoke0(Native Method)
	at sun.reflect.NativeMethodAccessorImpl.invoke(NativeMethodAccessorImpl.java:62)
	at sun.reflect.DelegatingMethodAccessorImpl.invoke(DelegatingMethodAccessorImpl.java:43)
	at java.lang.reflect.Method.invoke(Method.java:498)
	at org.testng.internal.MethodInvocationHelper.invokeMethod(MethodInvocationHelper.java:86)
	at org.testng.internal.Invoker.invokeMethod(Invoker.java:645)
	at org.testng.internal.Invoker.invokeTestMethod(Invoker.java:822)
	at org.testng.internal.Invoker.invokeTestMethods(Invoker.java:1130)
	at org.testng.internal.TestMethodWorker.invokeTestMethods(TestMethodWorker.java:129)
	at org.testng.internal.TestMethodWorker.run(TestMethodWorker.java:112)
	at org.testng.TestRunner.privateRun(TestRunner.java:782)
	at org.testng.TestRunner.run(TestRunner.java:632)
	at org.testng.SuiteRunner.runTest(SuiteRunner.java:366)
	at org.testng.SuiteRunner.runSequentially(SuiteRunner.java:361)
	at org.testng.SuiteRunner.privateRun(SuiteRunner.java:319)
	at org.testng.SuiteRunner.run(SuiteRunner.java:268)
	at org.testng.SuiteRunnerWorker.runSuite(SuiteRunnerWorker.java:52)
	at org.testng.SuiteRunnerWorker.run(SuiteRunnerWorker.java:86)
	at org.testng.TestNG.runSuitesSequentially(TestNG.java:1244)
	at org.testng.TestNG.runSuitesLocally(TestNG.java:1169)
	at org.testng.TestNG.run(TestNG.java:1064)
	at org.testng.remote.RemoteTestNG.run(RemoteTestNG.java:113)
	at org.testng.remote.RemoteTestNG.initAndRun(RemoteTestNG.java:206)
	at org.testng.remote.RemoteTestNG.main(RemoteTestNG.java:177)
]]>
            </full-stacktrace>
          </exception> <!-- java.lang.NullPointerException -->
          <reporter-output>
          </reporter-output>
        </test-method> <!-- verifyPopUpCancelButton -->
        <test-method status="PASS" signature="getResult(org.testng.ITestResult)[pri:0, instance:com.surveillance.Test.CameraLiveUnitTest@5034c75a]" name="getResult" is-config="true" duration-ms="1265" started-at="2020-04-10T18:30:24Z" finished-at="2020-04-10T18:30:25Z">
          <params>
            <param index="0">
              <value>
                <![CDATA[[TestResult name=verifyPopUpCancelButton status=FAILURE method=CameraLiveUnitTest.verifyPopUpCancelButton(java.util.Hashtable)[pri:0, instance:com.surveillance.Test.CameraLiveUnitTest@5034c75a] output={null}]]]>
              </value>
            </param>
          </params>
          <reporter-output>
          </reporter-output>
        </test-method> <!-- getResult -->
        <test-method status="PASS" signature="setup()[pri:0, instance:com.surveillance.Test.CameraLiveUnitTest@5034c75a]" name="setup" is-config="true" duration-ms="15332" started-at="2020-04-10T18:30:25Z" finished-at="2020-04-10T18:30:41Z">
          <reporter-output>
          </reporter-output>
        </test-method> <!-- setup -->
        <test-method status="FAIL" signature="verifyCameraLiveUnitDeactive(java.util.Hashtable)[pri:1, instance:com.surveillance.Test.CameraLiveUnitTest@5034c75a]" name="verifyCameraLiveUnitDeactive" duration-ms="1" started-at="2020-04-10T18:30:41Z" data-provider="setData1" finished-at="2020-04-10T18:30:41Z">
          <params>
            <param index="0">
              <value>
                <![CDATA[{ActivePopUps=accept, TestID=TC_01, Password=Kb100684@, SerialNumber=123456, ActiveDeactive=Active, Email=kalyan.babu@contractor.liveviewtech.com}]]>
              </value>
            </param>
          </params>
          <exception class="java.lang.NullPointerException">
            <full-stacktrace>
              <![CDATA[java.lang.NullPointerException
	at com.surveillance.Test.LoginTest.logintest(LoginTest.java:34)
	at com.surveillance.Test.CameraLiveUnitTest.verifyCameraLiveUnitDeactive(CameraLiveUnitTest.java:79)
	at sun.reflect.NativeMethodAccessorImpl.invoke0(Native Method)
	at sun.reflect.NativeMethodAccessorImpl.invoke(NativeMethodAccessorImpl.java:62)
	at sun.reflect.DelegatingMethodAccessorImpl.invoke(DelegatingMethodAccessorImpl.java:43)
	at java.lang.reflect.Method.invoke(Method.java:498)
	at org.testng.internal.MethodInvocationHelper.invokeMethod(MethodInvocationHelper.java:86)
	at org.testng.internal.Invoker.invokeMethod(Invoker.java:645)
	at org.testng.internal.Invoker.invokeTestMethod(Invoker.java:822)
	at org.testng.internal.Invoker.invokeTestMethods(Invoker.java:1130)
	at org.testng.internal.TestMethodWorker.invokeTestMethods(TestMethodWorker.java:129)
	at org.testng.internal.TestMethodWorker.run(TestMethodWorker.java:112)
	at org.testng.TestRunner.privateRun(TestRunner.java:782)
	at org.testng.TestRunner.run(TestRunner.java:632)
	at org.testng.SuiteRunner.runTest(SuiteRunner.java:366)
	at org.testng.SuiteRunner.runSequentially(SuiteRunner.java:361)
	at org.testng.SuiteRunner.privateRun(SuiteRunner.java:319)
	at org.testng.SuiteRunner.run(SuiteRunner.java:268)
	at org.testng.SuiteRunnerWorker.runSuite(SuiteRunnerWorker.java:52)
	at org.testng.SuiteRunnerWorker.run(SuiteRunnerWorker.java:86)
	at org.testng.TestNG.runSuitesSequentially(TestNG.java:1244)
	at org.testng.TestNG.runSuitesLocally(TestNG.java:1169)
	at org.testng.TestNG.run(TestNG.java:1064)
	at org.testng.remote.RemoteTestNG.run(RemoteTestNG.java:113)
	at org.testng.remote.RemoteTestNG.initAndRun(RemoteTestNG.java:206)
	at org.testng.remote.RemoteTestNG.main(RemoteTestNG.java:177)
]]>
            </full-stacktrace>
          </exception> <!-- java.lang.NullPointerException -->
          <reporter-output>
          </reporter-output>
        </test-method> <!-- verifyCameraLiveUnitDeactive -->
        <test-method status="PASS" signature="getResult(org.testng.ITestResult)[pri:0, instance:com.surveillance.Test.CameraLiveUnitTest@5034c75a]" name="getResult" is-config="true" duration-ms="1253" started-at="2020-04-10T18:30:41Z" finished-at="2020-04-10T18:30:42Z">
          <params>
            <param index="0">
              <value>
                <![CDATA[[TestResult name=verifyCameraLiveUnitDeactive status=FAILURE method=CameraLiveUnitTest.verifyCameraLiveUnitDeactive(java.util.Hashtable)[pri:1, instance:com.surveillance.Test.CameraLiveUnitTest@5034c75a] output={null}]]]>
              </value>
            </param>
          </params>
          <reporter-output>
          </reporter-output>
        </test-method> <!-- getResult -->
        <test-method status="SKIP" signature="verifyCameraLiveUnitToActive(java.util.Hashtable)[pri:2, instance:com.surveillance.Test.CameraLiveUnitTest@5034c75a]" name="verifyCameraLiveUnitToActive" duration-ms="0" started-at="2020-04-10T18:30:42Z" data-provider="setData1" depends-on-methods="com.surveillance.Test.CameraLiveUnitTest.verifyCameraLiveUnitDeactive" finished-at="2020-04-10T18:30:42Z">
          <exception class="java.lang.Throwable">
            <message>
              <![CDATA[Method CameraLiveUnitTest.verifyCameraLiveUnitToActive(java.util.Hashtable)[pri:2, instance:com.surveillance.Test.CameraLiveUnitTest@5034c75a] depends on not successfully finished methods]]>
            </message>
            <full-stacktrace>
              <![CDATA[java.lang.Throwable: Method CameraLiveUnitTest.verifyCameraLiveUnitToActive(java.util.Hashtable)[pri:2, instance:com.surveillance.Test.CameraLiveUnitTest@5034c75a] depends on not successfully finished methods
	at org.testng.internal.Invoker.invokeTestMethods(Invoker.java:1039)
	at org.testng.internal.TestMethodWorker.invokeTestMethods(TestMethodWorker.java:129)
	at org.testng.internal.TestMethodWorker.run(TestMethodWorker.java:112)
	at org.testng.TestRunner.privateRun(TestRunner.java:782)
	at org.testng.TestRunner.run(TestRunner.java:632)
	at org.testng.SuiteRunner.runTest(SuiteRunner.java:366)
	at org.testng.SuiteRunner.runSequentially(SuiteRunner.java:361)
	at org.testng.SuiteRunner.privateRun(SuiteRunner.java:319)
	at org.testng.SuiteRunner.run(SuiteRunner.java:268)
	at org.testng.SuiteRunnerWorker.runSuite(SuiteRunnerWorker.java:52)
	at org.testng.SuiteRunnerWorker.run(SuiteRunnerWorker.java:86)
	at org.testng.TestNG.runSuitesSequentially(TestNG.java:1244)
	at org.testng.TestNG.runSuitesLocally(TestNG.java:1169)
	at org.testng.TestNG.run(TestNG.java:1064)
	at org.testng.remote.RemoteTestNG.run(RemoteTestNG.java:113)
	at org.testng.remote.RemoteTestNG.initAndRun(RemoteTestNG.java:206)
	at org.testng.remote.RemoteTestNG.main(RemoteTestNG.java:177)
]]>
            </full-stacktrace>
          </exception> <!-- java.lang.Throwable -->
          <reporter-output>
          </reporter-output>
        </test-method> <!-- verifyCameraLiveUnitToActive -->
        <test-method status="SKIP" signature="verifyCameraLiveUnitInvoiceDataReport(java.util.Hashtable)[pri:3, instance:com.surveillance.Test.CameraLiveUnitTest@5034c75a]" name="verifyCameraLiveUnitInvoiceDataReport" duration-ms="0" started-at="2020-04-10T18:30:42Z" data-provider="setData1" depends-on-methods="com.surveillance.Test.CameraLiveUnitTest.verifyCameraLiveUnitDeactive" finished-at="2020-04-10T18:30:42Z">
          <exception class="java.lang.Throwable">
            <message>
              <![CDATA[Method CameraLiveUnitTest.verifyCameraLiveUnitInvoiceDataReport(java.util.Hashtable)[pri:3, instance:com.surveillance.Test.CameraLiveUnitTest@5034c75a] depends on not successfully finished methods]]>
            </message>
            <full-stacktrace>
              <![CDATA[java.lang.Throwable: Method CameraLiveUnitTest.verifyCameraLiveUnitInvoiceDataReport(java.util.Hashtable)[pri:3, instance:com.surveillance.Test.CameraLiveUnitTest@5034c75a] depends on not successfully finished methods
	at org.testng.internal.Invoker.invokeTestMethods(Invoker.java:1039)
	at org.testng.internal.TestMethodWorker.invokeTestMethods(TestMethodWorker.java:129)
	at org.testng.internal.TestMethodWorker.run(TestMethodWorker.java:112)
	at org.testng.TestRunner.privateRun(TestRunner.java:782)
	at org.testng.TestRunner.run(TestRunner.java:632)
	at org.testng.SuiteRunner.runTest(SuiteRunner.java:366)
	at org.testng.SuiteRunner.runSequentially(SuiteRunner.java:361)
	at org.testng.SuiteRunner.privateRun(SuiteRunner.java:319)
	at org.testng.SuiteRunner.run(SuiteRunner.java:268)
	at org.testng.SuiteRunnerWorker.runSuite(SuiteRunnerWorker.java:52)
	at org.testng.SuiteRunnerWorker.run(SuiteRunnerWorker.java:86)
	at org.testng.TestNG.runSuitesSequentially(TestNG.java:1244)
	at org.testng.TestNG.runSuitesLocally(TestNG.java:1169)
	at org.testng.TestNG.run(TestNG.java:1064)
	at org.testng.remote.RemoteTestNG.run(RemoteTestNG.java:113)
	at org.testng.remote.RemoteTestNG.initAndRun(RemoteTestNG.java:206)
	at org.testng.remote.RemoteTestNG.main(RemoteTestNG.java:177)
]]>
            </full-stacktrace>
          </exception> <!-- java.lang.Throwable -->
          <reporter-output>
          </reporter-output>
        </test-method> <!-- verifyCameraLiveUnitInvoiceDataReport -->
        <test-method status="PASS" signature="endReport()[pri:0, instance:com.surveillance.Test.CameraLiveUnitTest@5034c75a]" name="endReport" is-config="true" duration-ms="481" started-at="2020-04-10T18:30:42Z" finished-at="2020-04-10T18:30:43Z">
          <reporter-output>
          </reporter-output>
        </test-method> <!-- endReport -->
      </class> <!-- com.surveillance.Test.CameraLiveUnitTest -->
    </test> <!-- Default test -->
  </suite> <!-- Default suite -->
</testng-results>
